<?xml version="1.0" encoding="UTF-8"?>
<testsuite xmlns:xsi="http://www.w3.org/2001/XMLSchema-instance" xsi:noNamespaceSchemaLocation="https://maven.apache.org/surefire/maven-surefire-plugin/xsd/surefire-test-report.xsd" name="com.sushant.product.dao.ProductDAOImplTest" time="0.017" tests="1" errors="0" skipped="0" failures="0">
  <properties>
    <property name="java.specification.version" value="17"/>
    <property name="sun.jnu.encoding" value="UTF-8"/>
    <property name="java.class.path" value="/home/shushant/eclipse-workspace/production/productservices/target/test-classes:/home/shushant/eclipse-workspace/production/productservices/target/classes:/home/shushant/.m2/repository/junit/junit/4.4/junit-4.4.jar:/home/shushant/.m2/repository/org/springframework/spring-context/4.3.30.RELEASE/spring-context-4.3.30.RELEASE.jar:/home/shushant/.m2/repository/org/springframework/spring-aop/4.3.30.RELEASE/spring-aop-4.3.30.RELEASE.jar:/home/shushant/.m2/repository/org/springframework/spring-beans/4.3.30.RELEASE/spring-beans-4.3.30.RELEASE.jar:/home/shushant/.m2/repository/org/springframework/spring-core/4.3.30.RELEASE/spring-core-4.3.30.RELEASE.jar:/home/shushant/.m2/repository/commons-logging/commons-logging/1.2/commons-logging-1.2.jar:/home/shushant/.m2/repository/org/springframework/spring-expression/4.3.30.RELEASE/spring-expression-4.3.30.RELEASE.jar:"/>
    <property name="java.vm.vendor" value="Private Build"/>
    <property name="sun.arch.data.model" value="64"/>
    <property name="java.vendor.url" value="Unknown"/>
    <property name="os.name" value="Linux"/>
    <property name="java.vm.specification.version" value="17"/>
    <property name="sun.java.launcher" value="SUN_STANDARD"/>
    <property name="user.country" value="IN"/>
    <property name="sun.boot.library.path" value="/usr/lib/jvm/java-17-openjdk-amd64/lib"/>
    <property name="sun.java.command" value="/home/shushant/eclipse-workspace/production/productservices/target/surefire/surefirebooter7365895324593637231.jar /home/shushant/eclipse-workspace/production/productservices/target/surefire 2023-03-17T16-00-03_913-jvmRun1 surefire16259395024203664400tmp surefire_09423673650588988367tmp"/>
    <property name="jdk.debug" value="release"/>
    <property name="surefire.test.class.path" value="/home/shushant/eclipse-workspace/production/productservices/target/test-classes:/home/shushant/eclipse-workspace/production/productservices/target/classes:/home/shushant/.m2/repository/junit/junit/4.4/junit-4.4.jar:/home/shushant/.m2/repository/org/springframework/spring-context/4.3.30.RELEASE/spring-context-4.3.30.RELEASE.jar:/home/shushant/.m2/repository/org/springframework/spring-aop/4.3.30.RELEASE/spring-aop-4.3.30.RELEASE.jar:/home/shushant/.m2/repository/org/springframework/spring-beans/4.3.30.RELEASE/spring-beans-4.3.30.RELEASE.jar:/home/shushant/.m2/repository/org/springframework/spring-core/4.3.30.RELEASE/spring-core-4.3.30.RELEASE.jar:/home/shushant/.m2/repository/commons-logging/commons-logging/1.2/commons-logging-1.2.jar:/home/shushant/.m2/repository/org/springframework/spring-expression/4.3.30.RELEASE/spring-expression-4.3.30.RELEASE.jar:"/>
    <property name="sun.cpu.endian" value="little"/>
    <property name="user.home" value="/home/shushant"/>
    <property name="user.language" value="en"/>
    <property name="java.specification.vendor" value="Oracle Corporation"/>
    <property name="java.version.date" value="2023-01-17"/>
    <property name="java.home" value="/usr/lib/jvm/java-17-openjdk-amd64"/>
    <property name="file.separator" value="/"/>
    <property name="basedir" value="/home/shushant/eclipse-workspace/production/productservices"/>
    <property name="java.vm.compressedOopsMode" value="Zero based"/>
    <property name="line.separator" value="&#10;"/>
    <property name="java.vm.specification.vendor" value="Oracle Corporation"/>
    <property name="java.specification.name" value="Java Platform API Specification"/>
    <property name="surefire.real.class.path" value="/home/shushant/eclipse-workspace/production/productservices/target/surefire/surefirebooter7365895324593637231.jar"/>
    <property name="sun.management.compiler" value="HotSpot 64-Bit Tiered Compilers"/>
    <property name="java.runtime.version" value="17.0.6+10-Ubuntu-0ubuntu122.04"/>
    <property name="user.name" value="shushant"/>
    <property name="path.separator" value=":"/>
    <property name="os.version" value="5.19.0-35-generic"/>
    <property name="java.runtime.name" value="OpenJDK Runtime Environment"/>
    <property name="file.encoding" value="UTF-8"/>
    <property name="java.vm.name" value="OpenJDK 64-Bit Server VM"/>
    <property name="localRepository" value="/home/shushant/.m2/repository"/>
    <property name="java.vendor.url.bug" value="Unknown"/>
    <property name="java.io.tmpdir" value="/tmp"/>
    <property name="java.version" value="17.0.6"/>
    <property name="user.dir" value="/home/shushant/eclipse-workspace/production/productservices"/>
    <property name="os.arch" value="amd64"/>
    <property name="java.vm.specification.name" value="Java Virtual Machine Specification"/>
    <property name="native.encoding" value="UTF-8"/>
    <property name="java.library.path" value="/usr/java/packages/lib:/usr/lib/x86_64-linux-gnu/jni:/lib/x86_64-linux-gnu:/usr/lib/x86_64-linux-gnu:/usr/lib/jni:/lib:/usr/lib"/>
    <property name="java.vm.info" value="mixed mode, sharing"/>
    <property name="java.vendor" value="Private Build"/>
    <property name="java.vm.version" value="17.0.6+10-Ubuntu-0ubuntu122.04"/>
    <property name="sun.io.unicode.encoding" value="UnicodeLittle"/>
    <property name="java.class.version" value="61.0"/>
  </properties>
  <testcase name="createShouldCreateAProduct" classname="com.sushant.product.dao.ProductDAOImplTest" time="0.005"/>
</testsuite>